<?xml version="1.0" encoding="UTF-8"?>
<testng-results ignored="0" total="1" passed="1" failed="0" skipped="0">
  <reporter-output>
  </reporter-output>
  <suite started-at="2024-02-23T11:26:49 CST" name="Surefire suite" finished-at="2024-02-23T11:26:49 CST" duration-ms="35">
    <groups>
    </groups>
    <test started-at="2024-02-23T11:26:49 CST" name="Surefire test" finished-at="2024-02-23T11:26:49 CST" duration-ms="35">
      <class name="Group1.artificatid1.AppTest">
        <test-method signature="shouldAnswerWithTrue()" started-at="2024-02-23T11:26:49 CST" name="shouldAnswerWithTrue" finished-at="2024-02-23T11:26:49 CST" duration-ms="6" status="PASS">
          <reporter-output>
          </reporter-output>
        </test-method> <!-- shouldAnswerWithTrue -->
      </class> <!-- Group1.artificatid1.AppTest -->
    </test> <!-- Surefire test -->
  </suite> <!-- Surefire suite -->
</testng-results>
